Each benchmark iterates 10000 times for each operation

Redis
--------------------------------------------------------
                 user     system      total        real
write        2.150000   0.280000   2.430000 (  8.165001)
read        10.620000   1.890000  12.510000 ( 28.238865)
update       3.360000   0.720000   4.080000 ( 12.647565)
Total benchmark time for Redis: 49.05614042s

MongoDB
--------------------------------------------------------
                 user     system      total        real
write        2.520000   0.220000   2.740000 (  7.920627)
read         3.540000   0.440000   3.980000 ( 45.839483)
update       6.440000   0.780000   7.220000 ( 86.677997)
Total benchmark time for MongoDB: 140.452661525s

Riak
--------------------------------------------------------
                 user     system      total        real
write       15.530000   1.100000  16.630000 ( 62.619003)
read        27.560000   3.080000  30.640000 ( 78.003597)
update      67.050000   7.480000  74.530000 (228.614377)
Total benchmark time for Riak: 369.246237179s
