Each benchmark iterates 100000 times for each operation

Redis
--------------------------------------------------------
                 user     system      total        real
write       33.120000   5.340000  38.460000 (101.610321)
read        59.390000   9.850000  69.240000 (164.766498)
update      36.450000   5.340000  41.790000 (119.196351)
Total benchmark time for Redis: 385.677670399s

MongoDB
--------------------------------------------------------
                 user     system      total        real
write       56.300000   6.240000  62.540000 (170.844562)
read        38.910000   5.860000  44.770000 (3424.908250)
update      80.930000  11.640000  92.570000 (7046.800136)
Total benchmark time for MongoDB: 10643.82188036s

Riak
--------------------------------------------------------
                 user     system      total        real
write      314.880000  33.540000 348.420000 (1032.695873)
read       333.110000  36.590000 369.700000 (945.903939)
update     589.760000  58.560000 648.320000 (2046.313283)
Total benchmark time for Riak: 4024.944201725s
